2026-03-03 14:53:13,949 - INFO - __main__ - Application starting...
2026-03-03 14:53:13,949 - INFO - __main__ - Loading dataset from S3...
2026-03-03 14:53:14,007 - INFO - services.s3_loader - Loading orders from raw_data/olist_orders_dataset.csv...
2026-03-03 14:54:03,549 - INFO - services.s3_loader - orders loaded successfully. Shape: (99441, 8)
2026-03-03 14:54:03,549 - INFO - services.s3_loader - Loading order_items from raw_data/olist_order_items_dataset.csv...
2026-03-03 14:54:31,711 - INFO - services.s3_loader - order_items loaded successfully. Shape: (112650, 7)
2026-03-03 14:54:31,711 - INFO - services.s3_loader - Loading payments from raw_data/olist_order_payments_dataset.csv...
2026-03-03 14:54:50,964 - INFO - services.s3_loader - payments loaded successfully. Shape: (103886, 5)
2026-03-03 14:54:50,969 - INFO - services.s3_loader - Loading products from raw_data/olist_products_dataset.csv...
2026-03-03 14:55:02,187 - INFO - services.s3_loader - products loaded successfully. Shape: (32951, 9)
2026-03-03 14:55:02,187 - INFO - services.s3_loader - Loading customers from raw_data/olist_customers_dataset.csv...
2026-03-03 14:55:30,847 - INFO - services.s3_loader - customers loaded successfully. Shape: (99441, 5)
2026-03-03 14:55:30,847 - INFO - __main__ - Dataset loaded successfully.
2026-03-03 14:55:30,847 - INFO - agents.orchestrator - Initializing Orchestrator...
2026-03-03 14:55:30,847 - INFO - __main__ - Starting Flask server...
2026-03-03 14:55:30,883 - INFO - werkzeug - [31m[1mWARNING: This is a development server. Do not use it in a production deployment. Use a production WSGI server instead.[0m
 * Running on http://127.0.0.1:5000
2026-03-03 14:55:30,883 - INFO - werkzeug - [33mPress CTRL+C to quit[0m
2026-03-03 14:59:13,493 - INFO - __main__ - Home page accessed.
2026-03-03 14:59:13,493 - INFO - werkzeug - 127.0.0.1 - - [03/Mar/2026 14:59:13] "GET / HTTP/1.1" 200 -
2026-03-03 14:59:23,176 - INFO - __main__ - User message received: bonjeur 
2026-03-03 14:59:23,176 - INFO - agents.orchestrator - Routing message: bonjeur 
2026-03-03 14:59:23,176 - INFO - agents.orchestrator - Routing to FAQAgent
2026-03-03 14:59:23,176 - INFO - services.bedrock_client - Sending request to Bedrock model...
2026-03-03 14:59:25,261 - INFO - services.bedrock_client - Bedrock response received successfully.
2026-03-03 14:59:25,261 - INFO - __main__ - Response generated successfully.
2026-03-03 14:59:25,261 - INFO - werkzeug - 127.0.0.1 - - [03/Mar/2026 14:59:25] "POST /agent HTTP/1.1" 200 -
2026-03-03 14:59:47,694 - INFO - __main__ - User message received: denne un rapport de cette semaine 
2026-03-03 14:59:47,694 - INFO - agents.orchestrator - Routing message: denne un rapport de cette semaine 
2026-03-03 14:59:47,694 - INFO - agents.orchestrator - Routing to ReportAgent
2026-03-03 14:59:47,849 - INFO - __main__ - Response generated successfully.
2026-03-03 14:59:47,849 - INFO - werkzeug - 127.0.0.1 - - [03/Mar/2026 14:59:47] "POST /agent HTTP/1.1" 200 -
2026-03-03 15:03:07,605 - INFO - __main__ - Application starting...
2026-03-03 15:03:07,605 - INFO - __main__ - Loading dataset from S3...
2026-03-03 15:03:07,669 - INFO - services.s3_loader - Loading orders from raw_data/olist_orders_dataset.csv...
2026-03-03 15:04:12,933 - INFO - services.s3_loader - orders loaded successfully. Shape: (99441, 8)
2026-03-03 15:04:12,933 - INFO - services.s3_loader - Loading order_items from raw_data/olist_order_items_dataset.csv...
2026-03-03 15:05:04,692 - INFO - services.s3_loader - order_items loaded successfully. Shape: (112650, 7)
2026-03-03 15:05:04,692 - INFO - services.s3_loader - Loading payments from raw_data/olist_order_payments_dataset.csv...
2026-03-03 15:05:15,946 - INFO - services.s3_loader - payments loaded successfully. Shape: (103886, 5)
2026-03-03 15:05:15,946 - INFO - services.s3_loader - Loading products from raw_data/olist_products_dataset.csv...
2026-03-03 15:05:33,157 - INFO - services.s3_loader - products loaded successfully. Shape: (32951, 9)
2026-03-03 15:05:33,157 - INFO - services.s3_loader - Loading customers from raw_data/olist_customers_dataset.csv...
2026-03-03 15:06:15,050 - INFO - services.s3_loader - customers loaded successfully. Shape: (99441, 5)
2026-03-03 15:06:15,052 - INFO - __main__ - Dataset loaded successfully.
2026-03-03 15:06:15,052 - INFO - agents.orchestrator - Initializing Orchestrator...
2026-03-03 15:06:15,097 - INFO - __main__ - Starting Flask server...
2026-03-03 15:06:15,105 - INFO - werkzeug - [31m[1mWARNING: This is a development server. Do not use it in a production deployment. Use a production WSGI server instead.[0m
 * Running on http://127.0.0.1:5000
2026-03-03 15:06:15,105 - INFO - werkzeug - [33mPress CTRL+C to quit[0m
2026-03-03 15:06:35,462 - INFO - __main__ - Home page accessed.
2026-03-03 15:06:35,462 - INFO - werkzeug - 127.0.0.1 - - [03/Mar/2026 15:06:35] "GET / HTTP/1.1" 200 -
2026-03-03 15:07:13,501 - INFO - __main__ - User message received: bonjeur 
2026-03-03 15:07:13,501 - INFO - agents.orchestrator - Routing message: bonjeur 
2026-03-03 15:07:13,510 - INFO - agents.orchestrator - Routing to FAQAgent
2026-03-03 15:07:13,510 - INFO - services.bedrock_client - Sending request to Bedrock model...
2026-03-03 15:07:15,821 - INFO - services.bedrock_client - Bedrock response received successfully.
2026-03-03 15:07:15,821 - INFO - __main__ - Response generated successfully.
2026-03-03 15:07:15,821 - INFO - werkzeug - 127.0.0.1 - - [03/Mar/2026 15:07:15] "POST /agent HTTP/1.1" 200 -
2026-03-03 15:08:09,549 - INFO - __main__ - User message received: donner rapport de cette semaine
2026-03-03 15:08:09,549 - INFO - agents.orchestrator - Routing message: donner rapport de cette semaine
2026-03-03 15:08:09,549 - INFO - agents.orchestrator - Routing to ReportAgent
2026-03-03 15:08:09,549 - INFO - __main__ - Response generated successfully.
2026-03-03 15:08:09,549 - INFO - werkzeug - 127.0.0.1 - - [03/Mar/2026 15:08:09] "POST /agent HTTP/1.1" 200 -
2026-03-03 15:14:28,249 - INFO - __main__ - Application starting...
2026-03-03 15:14:28,250 - INFO - __main__ - Loading dataset from S3...
2026-03-03 15:14:28,313 - INFO - services.s3_loader - Loading orders from raw_data/olist_orders_dataset.csv...
2026-03-03 15:15:07,983 - INFO - services.s3_loader - orders loaded successfully. Shape: (99441, 8)
2026-03-03 15:15:07,983 - INFO - services.s3_loader - Loading order_items from raw_data/olist_order_items_dataset.csv...
2026-03-03 15:15:14,797 - INFO - services.s3_loader - order_items loaded successfully. Shape: (112650, 7)
2026-03-03 15:15:14,797 - INFO - services.s3_loader - Loading payments from raw_data/olist_order_payments_dataset.csv...
2026-03-03 15:15:43,182 - INFO - services.s3_loader - payments loaded successfully. Shape: (103886, 5)
2026-03-03 15:15:43,182 - INFO - services.s3_loader - Loading products from raw_data/olist_products_dataset.csv...
2026-03-03 15:15:52,981 - INFO - services.s3_loader - products loaded successfully. Shape: (32951, 9)
2026-03-03 15:15:52,981 - INFO - services.s3_loader - Loading customers from raw_data/olist_customers_dataset.csv...
2026-03-03 15:16:36,283 - INFO - services.s3_loader - customers loaded successfully. Shape: (99441, 5)
2026-03-03 15:16:36,283 - INFO - __main__ - Dataset loaded successfully.
2026-03-03 15:16:36,283 - INFO - agents.orchestrator - Initializing Orchestrator...
2026-03-03 15:16:36,330 - INFO - __main__ - Starting Flask server...
2026-03-03 15:16:36,350 - INFO - werkzeug - [31m[1mWARNING: This is a development server. Do not use it in a production deployment. Use a production WSGI server instead.[0m
 * Running on http://127.0.0.1:5000
2026-03-03 15:16:36,350 - INFO - werkzeug - [33mPress CTRL+C to quit[0m
2026-03-03 15:17:14,937 - INFO - __main__ - Home page accessed.
2026-03-03 15:17:14,942 - INFO - werkzeug - 127.0.0.1 - - [03/Mar/2026 15:17:14] "GET / HTTP/1.1" 200 -
2026-03-03 15:17:22,235 - INFO - __main__ - User message received: bonjeur
2026-03-03 15:17:22,235 - INFO - agents.orchestrator - Routing message: bonjeur
2026-03-03 15:17:22,235 - INFO - agents.orchestrator - Routing to FAQAgent
2026-03-03 15:17:22,235 - INFO - services.bedrock_client - Sending request to Bedrock model...
2026-03-03 15:17:24,136 - INFO - services.bedrock_client - Bedrock response received successfully.
2026-03-03 15:17:24,136 - INFO - __main__ - Response generated successfully.
2026-03-03 15:17:24,136 - INFO - werkzeug - 127.0.0.1 - - [03/Mar/2026 15:17:24] "POST /agent HTTP/1.1" 200 -
2026-03-03 15:17:45,833 - INFO - __main__ - User message received: donne definition machine learning
2026-03-03 15:17:45,833 - INFO - agents.orchestrator - Routing message: donne definition machine learning
2026-03-03 15:17:45,833 - INFO - agents.orchestrator - Routing to FAQAgent
2026-03-03 15:17:45,833 - INFO - services.bedrock_client - Sending request to Bedrock model...
2026-03-03 15:17:49,077 - INFO - services.bedrock_client - Bedrock response received successfully.
2026-03-03 15:17:49,077 - INFO - __main__ - Response generated successfully.
2026-03-03 15:17:49,077 - INFO - werkzeug - 127.0.0.1 - - [03/Mar/2026 15:17:49] "POST /agent HTTP/1.1" 200 -
2026-03-03 15:18:32,690 - INFO - __main__ - User message received: donner le rapport de la anne 
2026-03-03 15:18:32,690 - INFO - agents.orchestrator - Routing message: donner le rapport de la anne 
2026-03-03 15:18:32,690 - INFO - agents.orchestrator - Routing to ReportAgent
2026-03-03 15:18:32,751 - INFO - __main__ - Response generated successfully.
2026-03-03 15:18:32,751 - INFO - werkzeug - 127.0.0.1 - - [03/Mar/2026 15:18:32] "POST /agent HTTP/1.1" 200 -
2026-03-03 15:19:00,017 - INFO - __main__ - User message received: rapport de lasemaine 
2026-03-03 15:19:00,017 - INFO - agents.orchestrator - Routing message: rapport de lasemaine 
2026-03-03 15:19:00,017 - INFO - agents.orchestrator - Routing to ReportAgent
2026-03-03 15:19:00,033 - INFO - __main__ - Response generated successfully.
2026-03-03 15:19:00,033 - INFO - werkzeug - 127.0.0.1 - - [03/Mar/2026 15:19:00] "POST /agent HTTP/1.1" 200 -
2026-03-03 15:20:38,475 - INFO - __main__ - Application starting...
2026-03-03 15:20:38,475 - INFO - __main__ - Loading dataset from S3...
2026-03-03 15:20:38,508 - INFO - services.s3_loader - Loading orders from raw_data/olist_orders_dataset.csv...
2026-03-03 15:21:07,873 - INFO - services.s3_loader - orders loaded successfully. Shape: (99441, 8)
2026-03-03 15:21:07,873 - INFO - services.s3_loader - Loading order_items from raw_data/olist_order_items_dataset.csv...
2026-03-03 15:21:20,146 - INFO - services.s3_loader - order_items loaded successfully. Shape: (112650, 7)
2026-03-03 15:21:20,146 - INFO - services.s3_loader - Loading payments from raw_data/olist_order_payments_dataset.csv...
2026-03-03 15:21:23,680 - INFO - services.s3_loader - payments loaded successfully. Shape: (103886, 5)
2026-03-03 15:21:23,680 - INFO - services.s3_loader - Loading products from raw_data/olist_products_dataset.csv...
2026-03-03 15:21:24,961 - INFO - services.s3_loader - products loaded successfully. Shape: (32951, 9)
2026-03-03 15:21:24,961 - INFO - services.s3_loader - Loading customers from raw_data/olist_customers_dataset.csv...
2026-03-03 15:21:34,063 - INFO - services.s3_loader - customers loaded successfully. Shape: (99441, 5)
2026-03-03 15:21:34,063 - INFO - __main__ - Dataset loaded successfully.
2026-03-03 15:21:34,063 - INFO - agents.orchestrator - Initializing Orchestrator...
2026-03-03 15:21:34,120 - INFO - __main__ - Starting Flask server...
2026-03-03 15:21:34,126 - INFO - werkzeug - [31m[1mWARNING: This is a development server. Do not use it in a production deployment. Use a production WSGI server instead.[0m
 * Running on http://127.0.0.1:5000
2026-03-03 15:21:34,126 - INFO - werkzeug - [33mPress CTRL+C to quit[0m
2026-03-03 15:24:58,880 - INFO - __main__ - Home page accessed.
2026-03-03 15:24:58,888 - INFO - werkzeug - 127.0.0.1 - - [03/Mar/2026 15:24:58] "GET / HTTP/1.1" 200 -
2026-03-03 15:25:05,417 - INFO - __main__ - User message received: bonjeur 
2026-03-03 15:25:05,417 - INFO - agents.orchestrator - Routing message: bonjeur 
2026-03-03 15:25:05,417 - INFO - agents.orchestrator - Routing to FAQAgent
2026-03-03 15:25:05,417 - INFO - services.bedrock_client - Sending request to Bedrock model...
2026-03-03 15:25:08,176 - INFO - services.bedrock_client - Bedrock response received successfully.
2026-03-03 15:25:08,176 - INFO - __main__ - Response generated successfully.
2026-03-03 15:25:08,176 - INFO - werkzeug - 127.0.0.1 - - [03/Mar/2026 15:25:08] "POST /agent HTTP/1.1" 200 -
2026-03-03 15:25:26,742 - INFO - __main__ - User message received: donner les 3 produit top 
2026-03-03 15:25:26,742 - INFO - agents.orchestrator - Routing message: donner les 3 produit top 
2026-03-03 15:25:26,742 - INFO - agents.orchestrator - Routing to AnalyticsAgent
2026-03-03 15:25:26,742 - INFO - services.bedrock_client - Sending request to Bedrock model...
2026-03-03 15:25:29,596 - INFO - services.bedrock_client - Bedrock response received successfully.
2026-03-03 15:25:29,784 - INFO - __main__ - Response generated successfully.
2026-03-03 15:25:29,786 - INFO - werkzeug - 127.0.0.1 - - [03/Mar/2026 15:25:29] "POST /agent HTTP/1.1" 200 -
2026-03-03 15:25:37,669 - INFO - __main__ - User message received: donne les nom 
2026-03-03 15:25:37,669 - INFO - agents.orchestrator - Routing message: donne les nom 
2026-03-03 15:25:37,669 - INFO - agents.orchestrator - Routing to FAQAgent
2026-03-03 15:25:37,669 - INFO - services.bedrock_client - Sending request to Bedrock model...
2026-03-03 15:25:39,865 - INFO - services.bedrock_client - Bedrock response received successfully.
2026-03-03 15:25:39,865 - INFO - __main__ - Response generated successfully.
2026-03-03 15:25:39,865 - INFO - werkzeug - 127.0.0.1 - - [03/Mar/2026 15:25:39] "POST /agent HTTP/1.1" 200 -
2026-03-03 15:26:07,401 - INFO - __main__ - User message received: donne rapport de la semaine 
2026-03-03 15:26:07,401 - INFO - agents.orchestrator - Routing message: donne rapport de la semaine 
2026-03-03 15:26:07,401 - INFO - agents.orchestrator - Routing to ReportAgent
2026-03-03 15:26:07,423 - INFO - __main__ - Response generated successfully.
2026-03-03 15:26:07,423 - INFO - werkzeug - 127.0.0.1 - - [03/Mar/2026 15:26:07] "POST /agent HTTP/1.1" 200 -
2026-03-03 15:37:23,622 - INFO - __main__ - Application starting...
2026-03-03 15:37:23,622 - INFO - __main__ - Loading dataset from S3...
2026-03-03 15:37:23,655 - INFO - services.s3_loader - Loading orders from raw_data/olist_orders_dataset.csv...
2026-03-03 15:38:18,079 - INFO - services.s3_loader - orders loaded successfully. Shape: (99441, 8)
2026-03-03 15:38:18,079 - INFO - services.s3_loader - Loading order_items from raw_data/olist_order_items_dataset.csv...
2026-03-03 15:38:37,231 - INFO - services.s3_loader - order_items loaded successfully. Shape: (112650, 7)
2026-03-03 15:38:37,231 - INFO - services.s3_loader - Loading payments from raw_data/olist_order_payments_dataset.csv...
2026-03-03 15:38:40,572 - INFO - services.s3_loader - payments loaded successfully. Shape: (103886, 5)
2026-03-03 15:38:40,572 - INFO - services.s3_loader - Loading products from raw_data/olist_products_dataset.csv...
2026-03-03 15:38:42,367 - INFO - services.s3_loader - products loaded successfully. Shape: (32951, 9)
2026-03-03 15:38:42,367 - INFO - services.s3_loader - Loading customers from raw_data/olist_customers_dataset.csv...
2026-03-03 15:38:47,194 - INFO - services.s3_loader - customers loaded successfully. Shape: (99441, 5)
2026-03-03 15:38:47,194 - INFO - __main__ - Dataset loaded successfully.
2026-03-03 15:38:47,194 - INFO - agents.orchestrator - Initializing Orchestrator...
2026-03-03 15:38:47,242 - INFO - __main__ - Starting Flask server...
2026-03-03 15:38:47,260 - INFO - werkzeug - [31m[1mWARNING: This is a development server. Do not use it in a production deployment. Use a production WSGI server instead.[0m
 * Running on http://127.0.0.1:5000
2026-03-03 15:38:47,260 - INFO - werkzeug - [33mPress CTRL+C to quit[0m
2026-03-03 15:39:01,830 - INFO - __main__ - Home page accessed.
2026-03-03 15:39:01,830 - INFO - werkzeug - 127.0.0.1 - - [03/Mar/2026 15:39:01] "GET / HTTP/1.1" 200 -
2026-03-03 15:39:08,777 - INFO - __main__ - User message received: bonjeur 
2026-03-03 15:39:08,777 - INFO - agents.orchestrator - Routing message: bonjeur 
2026-03-03 15:39:08,777 - INFO - agents.orchestrator - Routing to FAQAgent
2026-03-03 15:39:08,777 - INFO - services.bedrock_client - Sending request to Bedrock model...
2026-03-03 15:39:10,900 - INFO - services.bedrock_client - Bedrock response received successfully.
2026-03-03 15:39:10,900 - INFO - __main__ - Response generated successfully.
2026-03-03 15:39:10,900 - INFO - werkzeug - 127.0.0.1 - - [03/Mar/2026 15:39:10] "POST /agent HTTP/1.1" 200 -
2026-03-03 15:39:58,776 - INFO - __main__ - User message received: donne rapport de 2017
2026-03-03 15:39:58,776 - INFO - agents.orchestrator - Routing message: donne rapport de 2017
2026-03-03 15:39:58,776 - INFO - agents.orchestrator - Routing to ReportAgent
2026-03-03 15:39:58,820 - INFO - __main__ - Response generated successfully.
2026-03-03 15:39:58,820 - INFO - werkzeug - 127.0.0.1 - - [03/Mar/2026 15:39:58] "POST /agent HTTP/1.1" 200 -
2026-03-03 15:55:28,906 - INFO - __main__ - Application starting...
2026-03-03 15:55:28,906 - INFO - __main__ - Loading dataset from S3...
2026-03-03 15:55:28,940 - INFO - services.s3_loader - Loading orders from raw_data/olist_orders_dataset.csv...
2026-03-03 15:58:39,509 - INFO - services.s3_loader - orders loaded successfully. Shape: (99441, 8)
2026-03-03 15:58:39,509 - INFO - services.s3_loader - Loading order_items from raw_data/olist_order_items_dataset.csv...
2026-03-03 15:59:01,247 - INFO - services.s3_loader - order_items loaded successfully. Shape: (112650, 7)
2026-03-03 15:59:01,247 - INFO - services.s3_loader - Loading payments from raw_data/olist_order_payments_dataset.csv...
2026-03-03 15:59:13,007 - INFO - services.s3_loader - payments loaded successfully. Shape: (103886, 5)
2026-03-03 15:59:13,007 - INFO - services.s3_loader - Loading products from raw_data/olist_products_dataset.csv...
2026-03-03 15:59:15,242 - INFO - services.s3_loader - products loaded successfully. Shape: (32951, 9)
2026-03-03 15:59:15,242 - INFO - services.s3_loader - Loading customers from raw_data/olist_customers_dataset.csv...
2026-03-03 15:59:51,880 - INFO - services.s3_loader - customers loaded successfully. Shape: (99441, 5)
2026-03-03 15:59:51,880 - INFO - __main__ - Dataset loaded successfully.
2026-03-03 15:59:51,880 - INFO - agents.orchestrator - Initializing Orchestrator...
2026-03-03 15:59:51,960 - INFO - agents.report_agent - Données préparées avec succčs
2026-03-03 15:59:51,960 - INFO - __main__ - Starting Flask server...
2026-03-03 15:59:51,975 - INFO - werkzeug - [31m[1mWARNING: This is a development server. Do not use it in a production deployment. Use a production WSGI server instead.[0m
 * Running on http://127.0.0.1:5000
2026-03-03 15:59:51,975 - INFO - werkzeug - [33mPress CTRL+C to quit[0m
2026-03-03 16:05:03,886 - INFO - __main__ - Home page accessed.
2026-03-03 16:05:03,886 - INFO - werkzeug - 127.0.0.1 - - [03/Mar/2026 16:05:03] "GET / HTTP/1.1" 200 -
2026-03-03 16:05:13,438 - INFO - __main__ - User message received: bonjeur 
2026-03-03 16:05:13,438 - INFO - agents.orchestrator - Routing message: bonjeur 
2026-03-03 16:05:13,438 - INFO - agents.orchestrator - Routing to FAQAgent
2026-03-03 16:05:13,438 - INFO - services.bedrock_client - Sending request to Bedrock model...
2026-03-03 16:05:16,377 - INFO - services.bedrock_client - Bedrock response received successfully.
2026-03-03 16:05:16,377 - INFO - __main__ - Response generated successfully.
2026-03-03 16:05:16,377 - INFO - werkzeug - 127.0.0.1 - - [03/Mar/2026 16:05:16] "POST /agent HTTP/1.1" 200 -
2026-03-03 16:05:35,648 - INFO - __main__ - User message received: donne un rapport de 2017
2026-03-03 16:05:35,648 - INFO - agents.orchestrator - Routing message: donne un rapport de 2017
2026-03-03 16:05:35,648 - INFO - agents.orchestrator - Routing to ReportAgent
2026-03-03 16:05:35,702 - WARNING - agents.report_agent - Colonne 'product_category_name' manquante pour le graphique
2026-03-03 16:06:31,773 - INFO - __main__ - User message received: donne un rapport
2026-03-03 16:06:31,773 - INFO - agents.orchestrator - Routing message: donne un rapport
2026-03-03 16:06:31,773 - INFO - agents.orchestrator - Routing to ReportAgent
2026-03-03 16:06:31,821 - WARNING - agents.report_agent - Colonne 'product_category_name' manquante pour le graphique
2026-03-03 16:06:32,145 - INFO - __main__ - Response generated successfully.
2026-03-03 16:06:32,145 - INFO - werkzeug - 127.0.0.1 - - [03/Mar/2026 16:06:32] "POST /agent HTTP/1.1" 200 -
2026-03-03 16:07:05,166 - INFO - __main__ - User message received: donne le 3produit top 
2026-03-03 16:07:05,166 - INFO - agents.orchestrator - Routing message: donne le 3produit top 
2026-03-03 16:07:05,166 - INFO - agents.orchestrator - Routing to AnalyticsAgent
2026-03-03 16:07:05,166 - INFO - services.bedrock_client - Sending request to Bedrock model...
2026-03-03 16:07:09,349 - INFO - services.bedrock_client - Bedrock response received successfully.
2026-03-03 16:07:09,530 - INFO - __main__ - Response generated successfully.
2026-03-03 16:07:09,530 - INFO - werkzeug - 127.0.0.1 - - [03/Mar/2026 16:07:09] "POST /agent HTTP/1.1" 200 -
2026-03-03 16:07:27,080 - INFO - __main__ - User message received: donne les 5 produit 
2026-03-03 16:07:27,080 - INFO - agents.orchestrator - Routing message: donne les 5 produit 
2026-03-03 16:07:27,080 - INFO - agents.orchestrator - Routing to AnalyticsAgent
2026-03-03 16:07:27,080 - INFO - services.bedrock_client - Sending request to Bedrock model...
2026-03-03 16:07:29,172 - INFO - services.bedrock_client - Bedrock response received successfully.
2026-03-03 16:07:29,380 - INFO - __main__ - Response generated successfully.
2026-03-03 16:07:29,380 - INFO - werkzeug - 127.0.0.1 - - [03/Mar/2026 16:07:29] "POST /agent HTTP/1.1" 200 -
2026-03-03 16:42:55,067 - INFO - __main__ - Application starting...
2026-03-03 16:42:55,069 - INFO - __main__ - Loading dataset from S3...
2026-03-03 16:42:55,101 - INFO - services.s3_loader - Loading orders from raw_data/olist_orders_dataset.csv...
2026-03-03 16:43:40,912 - INFO - services.s3_loader - orders loaded successfully. Shape: (99441, 8)
2026-03-03 16:43:40,912 - INFO - services.s3_loader - Loading order_items from raw_data/olist_order_items_dataset.csv...
2026-03-03 16:44:29,305 - INFO - services.s3_loader - order_items loaded successfully. Shape: (112650, 7)
2026-03-03 16:44:29,305 - INFO - services.s3_loader - Loading payments from raw_data/olist_order_payments_dataset.csv...
2026-03-03 16:44:55,332 - INFO - services.s3_loader - payments loaded successfully. Shape: (103886, 5)
2026-03-03 16:44:55,332 - INFO - services.s3_loader - Loading products from raw_data/olist_products_dataset.csv...
2026-03-03 16:44:57,799 - INFO - services.s3_loader - products loaded successfully. Shape: (32951, 9)
2026-03-03 16:44:57,799 - INFO - services.s3_loader - Loading customers from raw_data/olist_customers_dataset.csv...
2026-03-03 16:45:06,261 - INFO - services.s3_loader - customers loaded successfully. Shape: (99441, 5)
2026-03-03 16:45:06,261 - INFO - __main__ - Dataset loaded successfully.
2026-03-03 16:45:06,261 - INFO - agents.orchestrator - Initializing Orchestrator...
2026-03-03 16:45:06,340 - INFO - agents.report_agent - Données préparées avec succčs
2026-03-03 16:45:06,355 - INFO - __main__ - Starting Flask server...
2026-03-03 16:45:06,371 - INFO - werkzeug - [31m[1mWARNING: This is a development server. Do not use it in a production deployment. Use a production WSGI server instead.[0m
 * Running on http://127.0.0.1:5000
2026-03-03 16:45:06,371 - INFO - werkzeug - [33mPress CTRL+C to quit[0m
2026-03-03 16:45:20,138 - INFO - __main__ - Home page accessed.
2026-03-03 16:45:20,138 - INFO - werkzeug - 127.0.0.1 - - [03/Mar/2026 16:45:20] "GET / HTTP/1.1" 200 -
2026-03-03 16:45:36,999 - INFO - __main__ - User message received: donne 3 produit top 
2026-03-03 16:45:36,999 - INFO - agents.orchestrator - Routing message: donne 3 produit top 
2026-03-03 16:45:36,999 - INFO - agents.orchestrator - Routing to AnalyticsAgent
2026-03-03 16:45:36,999 - INFO - services.bedrock_client - Sending request to Bedrock model...
2026-03-03 16:45:40,599 - INFO - services.bedrock_client - Bedrock response received successfully.
2026-03-03 16:45:40,785 - INFO - __main__ - Response generated successfully.
2026-03-03 16:45:40,785 - INFO - werkzeug - 127.0.0.1 - - [03/Mar/2026 16:45:40] "POST /agent HTTP/1.1" 200 -
2026-03-03 16:46:09,763 - INFO - __main__ - User message received: donne deux produit top 
2026-03-03 16:46:09,763 - INFO - agents.orchestrator - Routing message: donne deux produit top 
2026-03-03 16:46:09,763 - INFO - agents.orchestrator - Routing to AnalyticsAgent
2026-03-03 16:46:09,763 - INFO - services.bedrock_client - Sending request to Bedrock model...
2026-03-03 16:46:11,901 - INFO - services.bedrock_client - Bedrock response received successfully.
2026-03-03 16:46:12,020 - INFO - __main__ - Response generated successfully.
2026-03-03 16:46:12,020 - INFO - werkzeug - 127.0.0.1 - - [03/Mar/2026 16:46:12] "POST /agent HTTP/1.1" 200 -
2026-03-03 16:50:16,740 - INFO - __main__ - User message received: donne 2 produit top
2026-03-03 16:50:16,742 - INFO - agents.orchestrator - Routing message: donne 2 produit top
2026-03-03 16:50:16,742 - INFO - agents.orchestrator - Routing to AnalyticsAgent
2026-03-03 16:50:16,742 - INFO - services.bedrock_client - Sending request to Bedrock model...
2026-03-03 16:50:19,957 - INFO - services.bedrock_client - Bedrock response received successfully.
2026-03-03 16:50:20,153 - INFO - __main__ - Response generated successfully.
2026-03-03 16:50:20,153 - INFO - werkzeug - 127.0.0.1 - - [03/Mar/2026 16:50:20] "POST /agent HTTP/1.1" 200 -
2026-03-03 16:50:35,935 - INFO - __main__ - User message received: donne le produit top 
2026-03-03 16:50:35,935 - INFO - agents.orchestrator - Routing message: donne le produit top 
2026-03-03 16:50:35,936 - INFO - agents.orchestrator - Routing to AnalyticsAgent
2026-03-03 16:50:35,936 - INFO - services.bedrock_client - Sending request to Bedrock model...
2026-03-03 16:50:38,752 - INFO - services.bedrock_client - Bedrock response received successfully.
2026-03-03 16:50:38,930 - INFO - __main__ - Response generated successfully.
2026-03-03 16:50:38,930 - INFO - werkzeug - 127.0.0.1 - - [03/Mar/2026 16:50:38] "POST /agent HTTP/1.1" 200 -
2026-03-03 16:51:27,610 - INFO - __main__ - User message received: donne les 20 produit top 
2026-03-03 16:51:27,610 - INFO - agents.orchestrator - Routing message: donne les 20 produit top 
2026-03-03 16:51:27,610 - INFO - agents.orchestrator - Routing to AnalyticsAgent
2026-03-03 16:51:27,610 - INFO - services.bedrock_client - Sending request to Bedrock model...
2026-03-03 16:51:29,240 - INFO - services.bedrock_client - Bedrock response received successfully.
2026-03-03 16:51:29,415 - INFO - __main__ - Response generated successfully.
2026-03-03 16:51:29,415 - INFO - werkzeug - 127.0.0.1 - - [03/Mar/2026 16:51:29] "POST /agent HTTP/1.1" 200 -
2026-03-03 16:51:50,283 - INFO - __main__ - User message received: donne les noms de ce produit 
2026-03-03 16:51:50,283 - INFO - agents.orchestrator - Routing message: donne les noms de ce produit 
2026-03-03 16:51:50,283 - INFO - agents.orchestrator - Routing to AnalyticsAgent
2026-03-03 16:51:50,283 - INFO - services.bedrock_client - Sending request to Bedrock model...
2026-03-03 16:51:51,269 - INFO - services.bedrock_client - Bedrock response received successfully.
2026-03-03 16:51:51,269 - INFO - __main__ - Response generated successfully.
2026-03-03 16:51:51,269 - INFO - werkzeug - 127.0.0.1 - - [03/Mar/2026 16:51:51] "POST /agent HTTP/1.1" 200 -
2026-03-03 23:54:30,255 - INFO - __main__ - Application starting...
2026-03-03 23:54:30,255 - INFO - __main__ - Loading dataset from S3...
2026-03-03 23:54:30,286 - INFO - services.s3_loader - Loading sales from Supermarket Sales Cleaned.csv...
2026-03-03 23:54:32,510 - INFO - services.s3_loader - sales loaded successfully. Shape: (1000, 20)
2026-03-03 23:54:32,510 - INFO - services.s3_loader - Loading faq from faq.csv.csv...
2026-03-03 23:54:53,483 - INFO - services.s3_loader - faq loaded successfully. Shape: (26872, 5)
2026-03-03 23:54:53,484 - INFO - __main__ - Dataset loaded successfully.
2026-03-03 23:54:53,485 - INFO - agents.orchestrator - Initializing Orchestrator...
2026-03-04 06:58:24,908 - INFO - __main__ - Application starting...
2026-03-04 06:58:24,908 - INFO - __main__ - Loading dataset from S3...
2026-03-04 06:58:24,969 - INFO - services.s3_loader - Loading sales from Supermarket Sales Cleaned.csv...
2026-03-04 06:58:27,348 - INFO - services.s3_loader - sales loaded successfully. Shape: (1000, 20)
2026-03-04 06:58:27,348 - INFO - services.s3_loader - Loading faq from faq.csv.csv...
2026-03-04 06:58:32,372 - INFO - services.s3_loader - faq loaded successfully. Shape: (26872, 5)
2026-03-04 06:58:32,372 - INFO - __main__ - Dataset loaded successfully.
2026-03-04 06:58:32,372 - INFO - agents.orchestrator - Initializing Orchestrator...
2026-03-04 07:03:48,273 - INFO - __main__ - Application starting...
2026-03-04 07:03:48,273 - INFO - __main__ - Loading dataset from S3...
2026-03-04 07:03:48,368 - INFO - services.s3_loader - Loading sales from Supermarket Sales Cleaned.csv...
2026-03-04 07:03:50,450 - INFO - services.s3_loader - sales loaded successfully. Shape: (1000, 20)
2026-03-04 07:03:50,465 - INFO - services.s3_loader - Loading faq from faq.csv.csv...
2026-03-04 07:03:56,592 - INFO - services.s3_loader - faq loaded successfully. Shape: (26872, 5)
2026-03-04 07:03:56,594 - INFO - __main__ - Dataset loaded successfully.
2026-03-04 07:03:56,595 - INFO - agents.orchestrator - Initializing Orchestrator...
2026-03-04 07:03:56,610 - INFO - agents.report_agent - \u2705 Data prepared successfully
2026-03-04 07:03:56,612 - INFO - __main__ - Starting Flask server...
2026-03-04 07:03:56,680 - INFO - werkzeug - [31m[1mWARNING: This is a development server. Do not use it in a production deployment. Use a production WSGI server instead.[0m
 * Running on http://127.0.0.1:5000
2026-03-04 07:03:56,680 - INFO - werkzeug - [33mPress CTRL+C to quit[0m
2026-03-04 07:04:06,547 - INFO - __main__ - Home page accessed.
2026-03-04 07:04:06,554 - INFO - werkzeug - 127.0.0.1 - - [04/Mar/2026 07:04:06] "GET / HTTP/1.1" 200 -
2026-03-04 07:04:13,777 - INFO - __main__ - User message received: bonjeur 
2026-03-04 07:04:13,777 - INFO - agents.orchestrator - Routing message: bonjeur 
2026-03-04 07:04:13,777 - INFO - agents.orchestrator - Routing to FAQAgent
2026-03-04 07:04:13,815 - INFO - services.bedrock_client - Sending request to Bedrock model...
2026-03-04 07:04:16,955 - INFO - services.bedrock_client - Bedrock response received successfully.
2026-03-04 07:04:16,957 - INFO - __main__ - Response generated successfully.
2026-03-04 07:04:16,958 - INFO - werkzeug - 127.0.0.1 - - [04/Mar/2026 07:04:16] "POST /agent HTTP/1.1" 200 -
2026-03-04 07:04:35,895 - INFO - __main__ - User message received: donner lesnom de 5 top produit 
2026-03-04 07:04:35,895 - INFO - agents.orchestrator - Routing message: donner lesnom de 5 top produit 
2026-03-04 07:04:35,895 - INFO - agents.orchestrator - Routing to AnalyticsAgent
2026-03-04 07:04:35,895 - ERROR - __main__ - Error in /agent route: 'orders'
2026-03-04 07:04:35,896 - INFO - werkzeug - 127.0.0.1 - - [04/Mar/2026 07:04:35] "POST /agent HTTP/1.1" 200 -
2026-03-04 07:07:06,073 - INFO - __main__ - Application starting...
2026-03-04 07:07:06,073 - INFO - __main__ - Loading dataset from S3...
2026-03-04 07:07:06,158 - INFO - services.s3_loader - Loading sales from Supermarket Sales Cleaned.csv...
2026-03-04 07:07:08,398 - INFO - services.s3_loader - sales loaded successfully. Shape: (1000, 20)
2026-03-04 07:07:08,398 - INFO - services.s3_loader - Loading faq from faq.csv.csv...
2026-03-04 07:07:13,079 - INFO - services.s3_loader - faq loaded successfully. Shape: (26872, 5)
2026-03-04 07:07:13,079 - INFO - __main__ - Dataset loaded successfully.
2026-03-04 07:07:13,079 - INFO - agents.orchestrator - Initializing Orchestrator...
2026-03-04 07:07:13,079 - INFO - agents.report_agent - \u2705 Data prepared successfully
2026-03-04 07:07:13,079 - INFO - __main__ - Starting Flask server...
2026-03-04 07:07:13,114 - INFO - werkzeug - [31m[1mWARNING: This is a development server. Do not use it in a production deployment. Use a production WSGI server instead.[0m
 * Running on http://127.0.0.1:5000
2026-03-04 07:07:13,114 - INFO - werkzeug - [33mPress CTRL+C to quit[0m
2026-03-04 07:07:24,426 - INFO - __main__ - Home page accessed.
2026-03-04 07:07:24,440 - INFO - werkzeug - 127.0.0.1 - - [04/Mar/2026 07:07:24] "GET / HTTP/1.1" 200 -
2026-03-04 07:07:32,049 - INFO - __main__ - User message received: bonjour 
2026-03-04 07:07:32,049 - INFO - agents.orchestrator - Routing message: bonjour 
2026-03-04 07:07:32,049 - INFO - agents.orchestrator - Routing to FAQAgent
2026-03-04 07:07:32,099 - INFO - services.bedrock_client - Sending request to Bedrock model...
2026-03-04 07:07:34,792 - INFO - services.bedrock_client - Bedrock response received successfully.
2026-03-04 07:07:34,792 - INFO - __main__ - Response generated successfully.
2026-03-04 07:07:34,792 - INFO - werkzeug - 127.0.0.1 - - [04/Mar/2026 07:07:34] "POST /agent HTTP/1.1" 200 -
2026-03-04 07:07:47,805 - INFO - __main__ - User message received: donner les 5 top produit 
2026-03-04 07:07:47,805 - INFO - agents.orchestrator - Routing message: donner les 5 top produit 
2026-03-04 07:07:47,805 - INFO - agents.orchestrator - Routing to AnalyticsAgent
2026-03-04 07:07:47,805 - INFO - services.bedrock_client - Sending request to Bedrock model...
2026-03-04 07:07:48,923 - INFO - services.bedrock_client - Bedrock response received successfully.
2026-03-04 07:07:48,936 - INFO - __main__ - Response generated successfully.
2026-03-04 07:07:48,938 - INFO - werkzeug - 127.0.0.1 - - [04/Mar/2026 07:07:48] "POST /agent HTTP/1.1" 200 -
2026-03-04 07:09:31,395 - INFO - __main__ - User message received: donne un rapport de 2022
2026-03-04 07:09:31,396 - INFO - agents.orchestrator - Routing message: donne un rapport de 2022
2026-03-04 07:09:31,396 - INFO - agents.orchestrator - Routing to ReportAgent
2026-03-04 07:09:31,398 - INFO - __main__ - Response generated successfully.
2026-03-04 07:09:31,399 - INFO - werkzeug - 127.0.0.1 - - [04/Mar/2026 07:09:31] "POST /agent HTTP/1.1" 200 -
2026-03-04 13:38:03,579 - INFO - __main__ - Application starting...
2026-03-04 13:38:03,579 - INFO - __main__ - Loading dataset from S3...
2026-03-04 13:38:03,683 - INFO - services.s3_loader - Loading sales from Supermarket Sales Cleaned.csv...
2026-03-04 13:38:05,887 - INFO - services.s3_loader - sales loaded successfully. Shape: (1000, 20)
2026-03-04 13:38:05,887 - INFO - services.s3_loader - Loading faq from faq.csv.csv...
2026-03-04 13:38:30,198 - INFO - services.s3_loader - faq loaded successfully. Shape: (26872, 5)
2026-03-04 13:38:30,198 - INFO - __main__ - Dataset loaded successfully.
2026-03-04 13:38:30,198 - INFO - agents.orchestrator - Initializing Orchestrator...
2026-03-04 13:38:30,198 - INFO - agents.report_agent - \u2705 Data prepared successfully
2026-03-04 13:38:30,207 - INFO - __main__ - Starting Flask server...
2026-03-04 13:38:30,225 - INFO - werkzeug - [31m[1mWARNING: This is a development server. Do not use it in a production deployment. Use a production WSGI server instead.[0m
 * Running on http://127.0.0.1:5000
2026-03-04 13:38:30,225 - INFO - werkzeug - [33mPress CTRL+C to quit[0m
2026-03-04 13:39:11,519 - INFO - __main__ - Home page accessed.
2026-03-04 13:39:11,528 - INFO - werkzeug - 127.0.0.1 - - [04/Mar/2026 13:39:11] "GET / HTTP/1.1" 200 -
2026-03-04 13:39:21,138 - INFO - __main__ - User message received: bonjour 
2026-03-04 13:39:21,138 - INFO - agents.orchestrator - Routing message: bonjour 
2026-03-04 13:39:21,138 - INFO - agents.orchestrator - Routing to FAQAgent
2026-03-04 13:39:21,209 - INFO - services.bedrock_client - Sending request to Bedrock model...
2026-03-04 13:39:23,923 - INFO - services.bedrock_client - Bedrock response received successfully.
2026-03-04 13:39:23,923 - INFO - __main__ - Response generated successfully.
2026-03-04 13:39:23,925 - INFO - werkzeug - 127.0.0.1 - - [04/Mar/2026 13:39:23] "POST /agent HTTP/1.1" 200 -
2026-03-04 13:40:15,557 - INFO - __main__ - User message received: donner li top produit 
2026-03-04 13:40:15,557 - INFO - agents.orchestrator - Routing message: donner li top produit 
2026-03-04 13:40:15,557 - INFO - agents.orchestrator - Routing to AnalyticsAgent
2026-03-04 13:40:15,557 - INFO - services.bedrock_client - Sending request to Bedrock model...
2026-03-04 13:40:16,759 - INFO - services.bedrock_client - Bedrock response received successfully.
2026-03-04 13:40:16,865 - INFO - __main__ - Response generated successfully.
2026-03-04 13:40:16,871 - INFO - werkzeug - 127.0.0.1 - - [04/Mar/2026 13:40:16] "POST /agent HTTP/1.1" 200 -
2026-03-04 13:40:45,033 - INFO - __main__ - User message received: donner le produit top 
2026-03-04 13:40:45,035 - INFO - agents.orchestrator - Routing message: donner le produit top 
2026-03-04 13:40:45,035 - INFO - agents.orchestrator - Routing to AnalyticsAgent
2026-03-04 13:40:45,035 - INFO - services.bedrock_client - Sending request to Bedrock model...
2026-03-04 13:40:45,942 - INFO - services.bedrock_client - Bedrock response received successfully.
2026-03-04 13:40:45,946 - INFO - __main__ - Response generated successfully.
2026-03-04 13:40:45,946 - INFO - werkzeug - 127.0.0.1 - - [04/Mar/2026 13:40:45] "POST /agent HTTP/1.1" 200 -
2026-03-04 13:41:15,824 - INFO - __main__ - User message received: donner le chifer dafaire de 3 jour dernier 
2026-03-04 13:41:15,827 - INFO - agents.orchestrator - Routing message: donner le chifer dafaire de 3 jour dernier 
2026-03-04 13:41:15,827 - INFO - agents.orchestrator - Routing to FAQAgent
2026-03-04 13:41:15,885 - INFO - services.bedrock_client - Sending request to Bedrock model...
2026-03-04 13:41:19,530 - INFO - services.bedrock_client - Bedrock response received successfully.
2026-03-04 13:41:19,532 - INFO - __main__ - Response generated successfully.
2026-03-04 13:41:19,532 - INFO - werkzeug - 127.0.0.1 - - [04/Mar/2026 13:41:19] "POST /agent HTTP/1.1" 200 -
2026-03-04 13:58:25,894 - INFO - __main__ - Application starting...
2026-03-04 13:58:25,894 - INFO - __main__ - Loading dataset from S3...
2026-03-04 13:58:26,005 - INFO - services.s3_loader - Loading sales from Supermarket Sales Cleaned.csv...
2026-03-04 13:58:28,202 - INFO - services.s3_loader - sales loaded successfully. Shape: (1000, 20)
2026-03-04 13:58:28,202 - INFO - services.s3_loader - Loading faq from faq.csv.csv...
2026-03-04 13:59:03,779 - INFO - services.s3_loader - faq loaded successfully. Shape: (26872, 5)
2026-03-04 13:59:03,779 - INFO - __main__ - Dataset loaded successfully.
2026-03-04 13:59:03,779 - INFO - agents.orchestrator - Initialisation de l'Orchestrator...
2026-03-04 13:59:03,779 - INFO - agents.analytics_agent - Initialisation de AnalyticsAgent...
2026-03-04 13:59:03,779 - INFO - agents.analytics_agent - DataFrame chargé avec 1000 lignes et 20 colonnes
2026-03-04 13:59:03,779 - INFO - agents.report_agent - \U0001f680 Initialisation du ReportAgent version premium...
2026-03-04 13:59:03,779 - INFO - agents.report_agent - \U0001f4ca Dataset chargé: 1000 lignes, 20 colonnes
2026-03-04 13:59:03,793 - ERROR - agents.report_agent - \u274c Erreur préparation données: name 'date_col_Week' is not defined
2026-03-04 13:59:03,793 - ERROR - agents.orchestrator - Erreur lors de l'initialisation de ReportAgent: name 'date_col_Week' is not defined
2026-03-04 13:59:03,793 - INFO - agents.faq_agent - Initialisation de FAQAgent...
2026-03-04 13:59:03,969 - INFO - agents.faq_agent - FAQAgent initialisé avec 26872 entrées
2026-03-04 13:59:03,969 - INFO - __main__ - Starting Flask server...
2026-03-04 13:59:04,006 - INFO - werkzeug - [31m[1mWARNING: This is a development server. Do not use it in a production deployment. Use a production WSGI server instead.[0m
 * Running on http://127.0.0.1:5000
2026-03-04 13:59:04,006 - INFO - werkzeug - [33mPress CTRL+C to quit[0m
2026-03-04 14:04:03,297 - INFO - __main__ - Application starting...
2026-03-04 14:04:03,297 - INFO - __main__ - Loading dataset from S3...
2026-03-04 14:04:03,380 - INFO - services.s3_loader - Loading sales from Supermarket Sales Cleaned.csv...
2026-03-04 14:04:05,726 - INFO - services.s3_loader - sales loaded successfully. Shape: (1000, 20)
2026-03-04 14:04:05,726 - INFO - services.s3_loader - Loading faq from faq.csv.csv...
2026-03-04 14:04:46,524 - INFO - services.s3_loader - faq loaded successfully. Shape: (26872, 5)
2026-03-04 14:04:46,538 - INFO - __main__ - Dataset loaded successfully.
2026-03-04 14:04:46,538 - INFO - agents.orchestrator - Initialisation de l'Orchestrator...
2026-03-04 14:04:46,538 - INFO - agents.analytics_agent - Initialisation de AnalyticsAgent...
2026-03-04 14:04:46,538 - INFO - agents.analytics_agent - DataFrame chargé avec 1000 lignes et 20 colonnes
2026-03-04 14:04:46,541 - INFO - agents.report_agent - \U0001f680 Initialisation du ReportAgent version premium...
2026-03-04 14:04:46,541 - INFO - agents.report_agent - \U0001f4ca Dataset chargé: 1000 lignes, 20 colonnes
2026-03-04 14:04:46,541 - INFO - agents.report_agent - \u2705 Colonnes de date créées ŕ partir de: Date
2026-03-04 14:04:46,565 - INFO - agents.report_agent - \u2705 Données préparées avec succčs
2026-03-04 14:04:46,582 - INFO - agents.report_agent - \U0001f4c8 Qualité données: 1000 lignes, 0 doublons
2026-03-04 14:04:46,582 - INFO - agents.faq_agent - Initialisation de FAQAgent...
2026-03-04 14:04:46,694 - INFO - agents.faq_agent - FAQAgent initialisé avec 26872 entrées
2026-03-04 14:04:46,694 - INFO - __main__ - Starting Flask server...
2026-03-04 14:04:46,727 - INFO - werkzeug - [31m[1mWARNING: This is a development server. Do not use it in a production deployment. Use a production WSGI server instead.[0m
 * Running on http://127.0.0.1:5000
2026-03-04 14:04:46,727 - INFO - werkzeug - [33mPress CTRL+C to quit[0m
2026-03-04 14:05:27,070 - INFO - __main__ - Home page accessed.
2026-03-04 14:05:27,074 - INFO - werkzeug - 127.0.0.1 - - [04/Mar/2026 14:05:27] "GET / HTTP/1.1" 200 -
2026-03-04 14:05:38,005 - INFO - __main__ - User message received: bonjour 
2026-03-04 14:05:38,005 - INFO - agents.orchestrator - Routing du message: bonjour ...
2026-03-04 14:05:38,008 - INFO - agents.orchestrator - Tentative avec FAQAgent
2026-03-04 14:05:38,008 - INFO - agents.faq_agent - Traitement de la question FAQ: bonjour ...
2026-03-04 14:05:38,028 - INFO - agents.faq_agent - Aucune correspondance trouvée dans la FAQ, utilisation de Bedrock
2026-03-04 14:05:38,032 - INFO - services.bedrock_client - Sending request to Bedrock model...
2026-03-04 14:05:42,727 - INFO - services.bedrock_client - Bedrock response received successfully.
2026-03-04 14:05:42,727 - INFO - agents.orchestrator - FAQAgent a retourné un résultat valide
2026-03-04 14:05:42,727 - INFO - __main__ - Response generated successfully.
2026-03-04 14:05:42,732 - INFO - werkzeug - 127.0.0.1 - - [04/Mar/2026 14:05:42] "POST /agent HTTP/1.1" 200 -
2026-03-04 14:06:22,278 - INFO - __main__ - User message received: donner un rapport de dernier mois
2026-03-04 14:06:22,280 - INFO - agents.orchestrator - Routing du message: donner un rapport de dernier mois...
2026-03-04 14:06:22,280 - INFO - agents.orchestrator - Tentative avec ReportAgent
2026-03-04 14:06:22,280 - INFO - agents.report_agent - \U0001f4dd Traitement de la demande: donner un rapport de dernier mois...
2026-03-04 14:06:22,290 - INFO - agents.orchestrator - ReportAgent a retourné un résultat valide
2026-03-04 14:06:22,290 - INFO - __main__ - Response generated successfully.
2026-03-04 14:06:22,290 - INFO - werkzeug - 127.0.0.1 - - [04/Mar/2026 14:06:22] "POST /agent HTTP/1.1" 200 -
2026-03-04 14:06:59,139 - INFO - __main__ - User message received: donner li 4 produit top  et votre prix
2026-03-04 14:06:59,139 - INFO - agents.orchestrator - Routing du message: donner li 4 produit top  et votre prix...
2026-03-04 14:06:59,139 - INFO - agents.orchestrator - Tentative avec AnalyticsAgent
2026-03-04 14:06:59,139 - INFO - agents.analytics_agent - Traitement de la question: donner li 4 produit top  et votre prix...
2026-03-04 14:06:59,187 - INFO - services.bedrock_client - Sending request to Bedrock model...
2026-03-04 14:07:02,360 - INFO - services.bedrock_client - Bedrock response received successfully.
2026-03-04 14:07:02,369 - INFO - agents.analytics_agent - Exécution du code généré...
2026-03-04 14:07:02,385 - INFO - agents.analytics_agent - Analyse terminée avec succčs
2026-03-04 14:07:02,385 - INFO - agents.orchestrator - AnalyticsAgent a retourné un résultat valide
2026-03-04 14:07:02,385 - INFO - __main__ - Response generated successfully.
2026-03-04 14:07:02,385 - INFO - werkzeug - 127.0.0.1 - - [04/Mar/2026 14:07:02] "POST /agent HTTP/1.1" 200 -
2026-03-04 14:09:52,991 - INFO - __main__ - Application starting...
2026-03-04 14:09:52,991 - INFO - __main__ - Loading dataset from S3...
2026-03-04 14:09:53,110 - INFO - services.s3_loader - Loading sales from Supermarket Sales Cleaned.csv...
2026-03-04 14:09:55,370 - INFO - services.s3_loader - sales loaded successfully. Shape: (1000, 20)
2026-03-04 14:09:55,370 - INFO - services.s3_loader - Loading faq from faq.csv.csv...
2026-03-04 14:10:16,303 - INFO - services.s3_loader - faq loaded successfully. Shape: (26872, 5)
2026-03-04 14:10:16,319 - INFO - __main__ - Dataset loaded successfully.
2026-03-04 14:10:16,319 - INFO - agents.orchestrator - Initialisation de l'Orchestrator...
2026-03-04 14:10:16,319 - INFO - agents.analytics_agent - AnalyticsAgent initialisé avec 1000 lignes
2026-03-04 14:10:16,319 - INFO - agents.analytics_agent - Colonnes disponibles: ['Invoice ID', 'Branch', 'City', 'Customer Type', 'Gender', 'Product Line', 'Unit Price', 'Quantity', 'Tax 5%', 'Total', 'Date', 'Time', 'Payment Method', 'Cost of Goods Sold', 'Gross Margin Percentage', 'Gross Income', 'Rating', 'Day', 'Month', 'Year']
2026-03-04 14:10:16,319 - INFO - agents.report_agent - \U0001f680 Initialisation du ReportAgent version premium...
2026-03-04 14:10:16,322 - INFO - agents.report_agent - \U0001f4ca Dataset chargé: 1000 lignes, 20 colonnes
2026-03-04 14:10:16,322 - INFO - agents.report_agent - \u2705 Colonnes de date créées ŕ partir de: Date
2026-03-04 14:10:16,343 - INFO - agents.report_agent - \u2705 Données préparées avec succčs
2026-03-04 14:10:16,360 - INFO - agents.report_agent - \U0001f4c8 Qualité données: 1000 lignes, 0 doublons
2026-03-04 14:10:16,360 - INFO - agents.faq_agent - Initialisation de FAQAgent...
2026-03-04 14:10:16,469 - INFO - agents.faq_agent - FAQAgent initialisé avec 26872 entrées
2026-03-04 14:10:16,469 - INFO - __main__ - Starting Flask server...
2026-03-04 14:10:16,505 - INFO - werkzeug - [31m[1mWARNING: This is a development server. Do not use it in a production deployment. Use a production WSGI server instead.[0m
 * Running on http://127.0.0.1:5000
2026-03-04 14:10:16,505 - INFO - werkzeug - [33mPress CTRL+C to quit[0m
2026-03-04 14:10:33,907 - INFO - __main__ - Home page accessed.
2026-03-04 14:10:33,911 - INFO - werkzeug - 127.0.0.1 - - [04/Mar/2026 14:10:33] "GET / HTTP/1.1" 200 -
2026-03-04 14:11:10,171 - INFO - __main__ - User message received: donner li 3prodouit avec le prix 
2026-03-04 14:11:10,171 - INFO - agents.orchestrator - Routing du message: donner li 3prodouit avec le prix ...
2026-03-04 14:11:10,171 - INFO - agents.orchestrator - Tentative avec FAQAgent
2026-03-04 14:11:10,171 - INFO - agents.faq_agent - Traitement de la question FAQ: donner li 3prodouit avec le prix ...
2026-03-04 14:11:10,185 - INFO - agents.faq_agent - Aucune correspondance trouvée dans la FAQ, utilisation de Bedrock
2026-03-04 14:11:10,185 - INFO - services.bedrock_client - Sending request to Bedrock model...
2026-03-04 14:11:13,991 - INFO - services.bedrock_client - Bedrock response received successfully.
2026-03-04 14:11:13,991 - INFO - agents.orchestrator - FAQAgent a retourné un résultat valide
2026-03-04 14:11:13,991 - INFO - __main__ - Response generated successfully.
2026-03-04 14:11:13,992 - INFO - werkzeug - 127.0.0.1 - - [04/Mar/2026 14:11:13] "POST /agent HTTP/1.1" 200 -
2026-03-04 14:19:33,528 - INFO - __main__ - Application starting...
2026-03-04 14:19:33,528 - INFO - __main__ - Loading dataset from S3...
2026-03-04 14:19:33,618 - INFO - services.s3_loader - Loading sales from Supermarket Sales Cleaned.csv...
2026-03-04 14:19:35,905 - INFO - services.s3_loader - sales loaded successfully. Shape: (1000, 20)
2026-03-04 14:19:35,905 - INFO - services.s3_loader - Loading faq from faq.csv.csv...
2026-03-04 14:20:02,152 - INFO - services.s3_loader - faq loaded successfully. Shape: (26872, 5)
2026-03-04 14:20:02,152 - INFO - __main__ - Dataset loaded successfully.
2026-03-04 14:20:02,152 - INFO - agents.orchestrator - \U0001f680 Initialisation du SuperOrchestrator...
2026-03-04 14:20:02,152 - INFO - agents.analytics_agent - AnalyticsAgent initialisé avec 1000 lignes
2026-03-04 14:20:02,152 - INFO - agents.analytics_agent - Colonnes disponibles: ['Invoice ID', 'Branch', 'City', 'Customer Type', 'Gender', 'Product Line', 'Unit Price', 'Quantity', 'Tax 5%', 'Total', 'Date', 'Time', 'Payment Method', 'Cost of Goods Sold', 'Gross Margin Percentage', 'Gross Income', 'Rating', 'Day', 'Month', 'Year']
2026-03-04 14:20:02,152 - INFO - agents.report_agent - \U0001f680 Initialisation du ReportAgent version premium...
2026-03-04 14:20:02,152 - INFO - agents.report_agent - \U0001f4ca Dataset chargé: 1000 lignes, 20 colonnes
2026-03-04 14:20:02,158 - INFO - agents.report_agent - \u2705 Colonnes de date créées ŕ partir de: Date
2026-03-04 14:20:02,179 - INFO - agents.report_agent - \u2705 Données préparées avec succčs
2026-03-04 14:20:02,198 - INFO - agents.report_agent - \U0001f4c8 Qualité données: 1000 lignes, 0 doublons
2026-03-04 14:20:02,198 - INFO - agents.faq_agent - Initialisation de FAQAgent...
2026-03-04 14:20:02,324 - INFO - agents.faq_agent - FAQAgent initialisé avec 26872 entrées
2026-03-04 14:20:02,324 - INFO - agents.orchestrator - \U0001f4ca Dataset principal chargé: 1000 lignes
2026-03-04 14:20:02,324 - INFO - agents.orchestrator - \U0001f4cb Colonnes disponibles: ['Invoice ID', 'Branch', 'City', 'Customer Type', 'Gender', 'Product Line', 'Unit Price', 'Quantity', 'Tax 5%', 'Total', 'Date', 'Time', 'Payment Method', 'Cost of Goods Sold', 'Gross Margin Percentage', 'Gross Income', 'Rating', 'Day', 'Month', 'Year']
2026-03-04 14:20:02,324 - INFO - agents.orchestrator - \u2705 Statistiques pré-calculées avec succčs
2026-03-04 14:20:02,324 - INFO - __main__ - Starting Flask server...
2026-03-04 14:20:02,356 - INFO - werkzeug - [31m[1mWARNING: This is a development server. Do not use it in a production deployment. Use a production WSGI server instead.[0m
 * Running on http://127.0.0.1:5000
2026-03-04 14:20:02,356 - INFO - werkzeug - [33mPress CTRL+C to quit[0m
2026-03-04 14:20:30,974 - INFO - __main__ - Home page accessed.
2026-03-04 14:20:30,980 - INFO - werkzeug - 127.0.0.1 - - [04/Mar/2026 14:20:30] "GET / HTTP/1.1" 200 -
2026-03-04 14:20:52,166 - INFO - __main__ - User message received: donner li 5 produit avec le prix 
2026-03-04 14:20:52,166 - INFO - agents.orchestrator - \U0001f4dd Traitement de: donner li 5 produit avec le prix ...
2026-03-04 14:20:52,170 - INFO - agents.faq_agent - Traitement de la question FAQ: donner li 5 produit avec le prix ...
2026-03-04 14:20:52,188 - INFO - agents.faq_agent - Aucune correspondance trouvée dans la FAQ, utilisation de Bedrock
2026-03-04 14:20:52,188 - INFO - services.bedrock_client - Sending request to Bedrock model...
2026-03-04 14:20:55,827 - INFO - services.bedrock_client - Bedrock response received successfully.
2026-03-04 14:20:55,831 - INFO - services.bedrock_client - Sending request to Bedrock model...
2026-03-04 14:20:58,885 - INFO - services.bedrock_client - Bedrock response received successfully.
2026-03-04 14:20:58,885 - INFO - __main__ - Response generated successfully.
2026-03-04 14:20:58,900 - INFO - werkzeug - 127.0.0.1 - - [04/Mar/2026 14:20:58] "POST /agent HTTP/1.1" 200 -
2026-03-04 14:21:56,174 - INFO - __main__ - User message received: donner les 3 produit 
2026-03-04 14:21:56,174 - INFO - agents.orchestrator - \U0001f4dd Traitement de: donner les 3 produit ...
2026-03-04 14:21:56,174 - INFO - agents.faq_agent - Traitement de la question FAQ: donner les 3 produit ...
2026-03-04 14:21:56,199 - INFO - agents.faq_agent - Aucune correspondance trouvée dans la FAQ, utilisation de Bedrock
2026-03-04 14:21:56,199 - INFO - services.bedrock_client - Sending request to Bedrock model...
2026-03-04 14:23:04,228 - INFO - services.bedrock_client - Bedrock response received successfully.
2026-03-04 14:23:04,228 - INFO - services.bedrock_client - Sending request to Bedrock model...
2026-03-04 14:23:09,524 - INFO - services.bedrock_client - Bedrock response received successfully.
2026-03-04 14:23:09,524 - INFO - __main__ - Response generated successfully.
2026-03-04 14:23:09,524 - INFO - werkzeug - 127.0.0.1 - - [04/Mar/2026 14:23:09] "POST /agent HTTP/1.1" 200 -
2026-03-04 14:24:10,777 - INFO - __main__ - User message received: donner les date de vendre les 3produit  
2026-03-04 14:24:10,777 - INFO - agents.orchestrator - \U0001f4dd Traitement de: donner les date de vendre les 3produit  ...
2026-03-04 14:24:10,777 - INFO - agents.faq_agent - Traitement de la question FAQ: donner les date de vendre les 3produit  ...
2026-03-04 14:24:10,800 - INFO - agents.faq_agent - Aucune correspondance trouvée dans la FAQ, utilisation de Bedrock
2026-03-04 14:24:10,804 - INFO - services.bedrock_client - Sending request to Bedrock model...
2026-03-04 14:24:14,590 - INFO - services.bedrock_client - Bedrock response received successfully.
2026-03-04 14:24:14,592 - INFO - services.bedrock_client - Sending request to Bedrock model...
2026-03-04 14:24:18,572 - INFO - services.bedrock_client - Bedrock response received successfully.
2026-03-04 14:24:18,579 - INFO - __main__ - Response generated successfully.
2026-03-04 14:24:18,579 - INFO - werkzeug - 127.0.0.1 - - [04/Mar/2026 14:24:18] "POST /agent HTTP/1.1" 200 -
2026-03-04 14:25:17,230 - INFO - __main__ - User message received: les date qui ce trouve dans data set de quoi
2026-03-04 14:25:17,230 - INFO - agents.orchestrator - \U0001f4dd Traitement de: les date qui ce trouve dans data set de quoi...
2026-03-04 14:25:17,230 - INFO - agents.faq_agent - Traitement de la question FAQ: les date qui ce trouve dans data set de quoi...
2026-03-04 14:25:17,544 - INFO - agents.faq_agent - Aucune correspondance trouvée dans la FAQ, utilisation de Bedrock
2026-03-04 14:25:17,544 - INFO - services.bedrock_client - Sending request to Bedrock model...
2026-03-04 14:25:23,901 - INFO - services.bedrock_client - Bedrock response received successfully.
2026-03-04 14:25:23,901 - INFO - services.bedrock_client - Sending request to Bedrock model...
2026-03-04 14:25:30,126 - INFO - services.bedrock_client - Bedrock response received successfully.
2026-03-04 14:25:30,126 - INFO - __main__ - Response generated successfully.
2026-03-04 14:25:30,126 - INFO - werkzeug - 127.0.0.1 - - [04/Mar/2026 14:25:30] "POST /agent HTTP/1.1" 200 -
2026-03-04 14:26:21,902 - INFO - __main__ - User message received: donne le tempes de ventes 2 produit top 
2026-03-04 14:26:21,902 - INFO - agents.orchestrator - \U0001f4dd Traitement de: donne le tempes de ventes 2 produit top ...
2026-03-04 14:26:21,902 - INFO - agents.faq_agent - Traitement de la question FAQ: donne le tempes de ventes 2 produit top ...
2026-03-04 14:26:21,927 - INFO - agents.faq_agent - Aucune correspondance trouvée dans la FAQ, utilisation de Bedrock
2026-03-04 14:26:21,931 - INFO - services.bedrock_client - Sending request to Bedrock model...
2026-03-04 14:27:27,440 - INFO - services.bedrock_client - Bedrock response received successfully.
2026-03-04 14:27:27,444 - INFO - services.bedrock_client - Sending request to Bedrock model...
2026-03-04 14:27:37,031 - INFO - services.bedrock_client - Bedrock response received successfully.
2026-03-04 14:27:37,031 - INFO - __main__ - Response generated successfully.
2026-03-04 14:27:37,033 - INFO - werkzeug - 127.0.0.1 - - [04/Mar/2026 14:27:37] "POST /agent HTTP/1.1" 200 -
2026-03-05 14:26:00,576 - INFO - __main__ - Application starting...
2026-03-05 14:26:00,576 - INFO - __main__ - Loading dataset from S3...
2026-03-05 14:26:00,714 - INFO - services.s3_loader - Loading sales from Supermarket Sales Cleaned.csv...
2026-03-05 14:26:03,247 - INFO - services.s3_loader - sales loaded successfully. Shape: (1000, 20)
2026-03-05 14:26:03,247 - INFO - services.s3_loader - Loading faq from faq.csv.csv...
2026-03-05 14:28:13,843 - INFO - services.s3_loader - faq loaded successfully. Shape: (26872, 5)
2026-03-05 14:28:13,845 - INFO - __main__ - Dataset loaded successfully.
2026-03-05 14:28:13,845 - INFO - agents.orchestrator - \U0001f680 Initialisation du SuperOrchestrator...
2026-03-05 14:28:13,845 - INFO - agents.analytics_agent - AnalyticsAgent initialisé avec 1000 lignes
2026-03-05 14:28:13,845 - INFO - agents.analytics_agent - Colonnes disponibles: ['Invoice ID', 'Branch', 'City', 'Customer Type', 'Gender', 'Product Line', 'Unit Price', 'Quantity', 'Tax 5%', 'Total', 'Date', 'Time', 'Payment Method', 'Cost of Goods Sold', 'Gross Margin Percentage', 'Gross Income', 'Rating', 'Day', 'Month', 'Year']
2026-03-05 14:28:13,845 - INFO - agents.report_agent - \U0001f680 Initialisation du ReportAgent version premium...
2026-03-05 14:28:13,850 - INFO - agents.report_agent - \U0001f4ca Dataset chargé: 1000 lignes, 20 colonnes
2026-03-05 14:28:13,853 - INFO - agents.report_agent - \u2705 Colonnes de date créées ŕ partir de: Date
2026-03-05 14:28:13,873 - INFO - agents.report_agent - \u2705 Données préparées avec succčs
2026-03-05 14:28:13,891 - INFO - agents.report_agent - \U0001f4c8 Qualité données: 1000 lignes, 0 doublons
2026-03-05 14:28:13,891 - INFO - agents.faq_agent - Initialisation de FAQAgent...
2026-03-05 14:28:14,019 - INFO - agents.faq_agent - FAQAgent initialisé avec 26872 entrées
2026-03-05 14:28:14,019 - INFO - agents.orchestrator - \U0001f4ca Dataset principal chargé: 1000 lignes
2026-03-05 14:28:14,019 - INFO - agents.orchestrator - \U0001f4cb Colonnes disponibles: ['Invoice ID', 'Branch', 'City', 'Customer Type', 'Gender', 'Product Line', 'Unit Price', 'Quantity', 'Tax 5%', 'Total', 'Date', 'Time', 'Payment Method', 'Cost of Goods Sold', 'Gross Margin Percentage', 'Gross Income', 'Rating', 'Day', 'Month', 'Year']
2026-03-05 14:28:14,019 - INFO - agents.orchestrator - \u2705 Statistiques pré-calculées avec succčs
2026-03-05 14:28:14,021 - INFO - __main__ - Starting Flask server...
2026-03-05 14:28:14,064 - INFO - werkzeug - [31m[1mWARNING: This is a development server. Do not use it in a production deployment. Use a production WSGI server instead.[0m
 * Running on http://127.0.0.1:5000
2026-03-05 14:28:14,064 - INFO - werkzeug - [33mPress CTRL+C to quit[0m
2026-03-05 14:28:36,894 - INFO - __main__ - Home page accessed.
2026-03-05 14:28:36,907 - INFO - werkzeug - 127.0.0.1 - - [05/Mar/2026 14:28:36] "GET / HTTP/1.1" 200 -
2026-03-05 14:29:06,956 - INFO - __main__ - User message received: donner un rapport des vente
2026-03-05 14:29:06,956 - INFO - agents.orchestrator - \U0001f4dd Traitement de: donner un rapport des vente...
2026-03-05 14:29:06,956 - INFO - agents.report_agent - \U0001f4dd Traitement de la demande: donner un rapport des vente...
2026-03-05 14:29:06,964 - INFO - __main__ - Response generated successfully.
2026-03-05 14:29:06,964 - INFO - werkzeug - 127.0.0.1 - - [05/Mar/2026 14:29:06] "POST /agent HTTP/1.1" 200 -
2026-03-05 14:30:05,353 - INFO - __main__ - User message received: donne la somme des ventes de dernier mois 
2026-03-05 14:30:05,353 - INFO - agents.orchestrator - \U0001f4dd Traitement de: donne la somme des ventes de dernier mois ...
2026-03-05 14:30:05,353 - INFO - agents.report_agent - \U0001f4dd Traitement de la demande: donne la somme des ventes de dernier mois ...
2026-03-05 14:30:05,366 - INFO - __main__ - Response generated successfully.
2026-03-05 14:30:05,366 - INFO - werkzeug - 127.0.0.1 - - [05/Mar/2026 14:30:05] "POST /agent HTTP/1.1" 200 -
2026-03-05 14:32:21,721 - INFO - __main__ - User message received: donner moyenne de mois septembre 
2026-03-05 14:32:21,721 - INFO - agents.orchestrator - \U0001f4dd Traitement de: donner moyenne de mois septembre ...
2026-03-05 14:32:21,721 - INFO - agents.report_agent - \U0001f4dd Traitement de la demande: donner moyenne de mois septembre ...
2026-03-05 14:32:21,729 - INFO - __main__ - Response generated successfully.
2026-03-05 14:32:21,729 - INFO - werkzeug - 127.0.0.1 - - [05/Mar/2026 14:32:21] "POST /agent HTTP/1.1" 200 -
2026-03-05 14:33:34,195 - INFO - __main__ - User message received: which kind of gender who have more sales
2026-03-05 14:33:34,199 - INFO - agents.orchestrator - \U0001f4dd Traitement de: which kind of gender who have more sales...
2026-03-05 14:33:34,199 - INFO - agents.faq_agent - Traitement de la question FAQ: which kind of gender who have more sales...
2026-03-05 14:33:35,907 - INFO - agents.faq_agent - Aucune correspondance trouvée dans la FAQ, utilisation de Bedrock
2026-03-05 14:33:35,911 - INFO - services.bedrock_client - Sending request to Bedrock model...
2026-03-05 14:33:40,971 - INFO - services.bedrock_client - Bedrock response received successfully.
2026-03-05 14:33:40,971 - INFO - services.bedrock_client - Sending request to Bedrock model...
2026-03-05 14:33:46,910 - INFO - services.bedrock_client - Bedrock response received successfully.
2026-03-05 14:33:46,910 - INFO - __main__ - Response generated successfully.
2026-03-05 14:33:46,910 - INFO - werkzeug - 127.0.0.1 - - [05/Mar/2026 14:33:46] "POST /agent HTTP/1.1" 200 -
2026-03-05 14:35:15,311 - INFO - __main__ - User message received: give me a pie that shows the percentage between sales with women and men
2026-03-05 14:35:15,311 - INFO - agents.orchestrator - \U0001f4dd Traitement de: give me a pie that shows the percentage between sales with women and men...
2026-03-05 14:35:15,311 - INFO - agents.faq_agent - Traitement de la question FAQ: give me a pie that shows the percentage between sales with women and men...
2026-03-05 14:35:19,434 - INFO - agents.faq_agent - Aucune correspondance trouvée dans la FAQ, utilisation de Bedrock
2026-03-05 14:35:19,434 - INFO - services.bedrock_client - Sending request to Bedrock model...
2026-03-05 14:36:25,835 - INFO - services.bedrock_client - Bedrock response received successfully.
2026-03-05 14:36:25,835 - INFO - services.bedrock_client - Sending request to Bedrock model...
2026-03-05 14:36:31,574 - INFO - services.bedrock_client - Bedrock response received successfully.
2026-03-05 14:36:31,574 - INFO - __main__ - Response generated successfully.
2026-03-05 14:36:31,574 - INFO - werkzeug - 127.0.0.1 - - [05/Mar/2026 14:36:31] "POST /agent HTTP/1.1" 200 -
2026-03-05 14:39:38,649 - INFO - __main__ - User message received: what is your refund policy
2026-03-05 14:39:38,649 - INFO - agents.orchestrator - \U0001f4dd Traitement de: what is your refund policy...
2026-03-05 14:39:38,649 - INFO - agents.faq_agent - Traitement de la question FAQ: what is your refund policy...
2026-03-05 14:39:41,099 - INFO - agents.faq_agent - Correspondance floue trouvée avec score 0.60
2026-03-05 14:39:41,099 - INFO - agents.faq_agent - Réponse trouvée dans la FAQ (correspondance floue)
2026-03-05 14:39:41,099 - INFO - __main__ - Response generated successfully.
2026-03-05 14:39:41,099 - INFO - werkzeug - 127.0.0.1 - - [05/Mar/2026 14:39:41] "POST /agent HTTP/1.1" 200 -
